GROUP,PACKAGE,CLASS,INSTRUCTION_MISSED,INSTRUCTION_COVERED,BRANCH_MISSED,BRANCH_COVERED,LINE_MISSED,LINE_COVERED,COMPLEXITY_MISSED,COMPLEXITY_COVERED,METHOD_MISSED,METHOD_COVERED
Sistema Gestión Pre-Sustentaciones UTEQ,ec.edu.uteq.presustentaciones.security.dto,LoginResponse,294,49,62,0,2,9,43,9,12,9
Sistema Gestión Pre-Sustentaciones UTEQ,ec.edu.uteq.presustentaciones.security.dto,RegisterRequest,235,0,46,0,6,0,38,0,15,0
Sistema Gestión Pre-Sustentaciones UTEQ,ec.edu.uteq.presustentaciones.security.dto,LoginResponse.LoginResponseBuilder,16,56,0,0,0,1,1,9,1,9
Sistema Gestión Pre-Sustentaciones UTEQ,ec.edu.uteq.presustentaciones.security.dto,LoginRequest,98,17,22,0,0,3,15,5,4,5
Sistema Gestión Pre-Sustentaciones UTEQ,ec.edu.uteq.presustentaciones.enums,EstadoSolicitud,75,0,8,0,12,0,7,0,3,0
Sistema Gestión Pre-Sustentaciones UTEQ,ec.edu.uteq.presustentaciones.security.service,CustomUserDetailsService,53,6,2,0,13,1,3,1,2,1
Sistema Gestión Pre-Sustentaciones UTEQ,ec.edu.uteq.presustentaciones.controllers,JuradoController,243,6,14,0,50,3,24,1,17,1
Sistema Gestión Pre-Sustentaciones UTEQ,ec.edu.uteq.presustentaciones.controllers,TutorController,74,9,0,0,17,4,7,1,7,1
Sistema Gestión Pre-Sustentaciones UTEQ,ec.edu.uteq.presustentaciones.controllers,NotificacionController,41,6,0,0,7,3,6,1,6,1
Sistema Gestión Pre-Sustentaciones UTEQ,ec.edu.uteq.presustentaciones.controllers,PermisoController,100,12,12,0,19,1,9,1,3,1
Sistema Gestión Pre-Sustentaciones UTEQ,ec.edu.uteq.presustentaciones.controllers,UsuarioController,217,21,8,0,50,4,18,3,14,3
Sistema Gestión Pre-Sustentaciones UTEQ,ec.edu.uteq.presustentaciones.controllers,AuditoriaController,82,6,0,0,5,1,2,1,2,1
Sistema Gestión Pre-Sustentaciones UTEQ,ec.edu.uteq.presustentaciones.controllers,RubricaController,158,9,2,0,36,1,10,1,9,1
Sistema Gestión Pre-Sustentaciones UTEQ,ec.edu.uteq.presustentaciones.controllers,AnteproyectoController,133,6,8,0,26,3,11,1,7,1
Sistema Gestión Pre-Sustentaciones UTEQ,ec.edu.uteq.presustentaciones.controllers,EvaluacionController,73,6,0,0,15,3,7,1,7,1
Sistema Gestión Pre-Sustentaciones UTEQ,ec.edu.uteq.presustentaciones.controllers,CronogramaController,100,6,2,0,16,1,10,1,9,1
Sistema Gestión Pre-Sustentaciones UTEQ,ec.edu.uteq.presustentaciones.controllers,EstadoTiempoRealController,245,18,12,0,39,1,15,1,9,1
Sistema Gestión Pre-Sustentaciones UTEQ,ec.edu.uteq.presustentaciones.controllers,EstudianteController,51,6,0,0,11,1,5,1,5,1
Sistema Gestión Pre-Sustentaciones UTEQ,ec.edu.uteq.presustentaciones.controllers,RolController,218,22,16,0,45,2,13,2,5,2
Sistema Gestión Pre-Sustentaciones UTEQ,ec.edu.uteq.presustentaciones.controllers,EvaluacionJuradoController,76,6,4,0,16,1,5,1,3,1
Sistema Gestión Pre-Sustentaciones UTEQ,ec.edu.uteq.presustentaciones.controllers,SolicitudController,234,13,0,0,50,5,17,2,17,2
Sistema Gestión Pre-Sustentaciones UTEQ,ec.edu.uteq.presustentaciones.controllers,TutoriaController,340,9,20,0,76,4,24,1,14,1
Sistema Gestión Pre-Sustentaciones UTEQ,ec.edu.uteq.presustentaciones.controllers,ExternalApiController,10,10,0,0,3,2,1,2,1,2
Sistema Gestión Pre-Sustentaciones UTEQ,ec.edu.uteq.presustentaciones.controllers,ActaController,100,6,0,0,26,3,6,1,6,1
Sistema Gestión Pre-Sustentaciones UTEQ,ec.edu.uteq.presustentaciones.controllers,CatalogoController,694,30,102,0,135,1,71,1,20,1
Sistema Gestión Pre-Sustentaciones UTEQ,ec.edu.uteq.presustentaciones.controllers,GlobalExceptionHandler,45,16,2,0,13,7,4,3,3,3
Sistema Gestión Pre-Sustentaciones UTEQ,ec.edu.uteq.presustentaciones.controllers,RubricaEvaluacionController,72,9,2,0,17,1,7,1,6,1
Sistema Gestión Pre-Sustentaciones UTEQ,ec.edu.uteq.presustentaciones.controllers,AuthController,254,116,28,0,56,26,19,3,5,3
Sistema Gestión Pre-Sustentaciones UTEQ,ec.edu.uteq.presustentaciones.controllers,ObservacionesController,16,6,0,0,4,1,1,1,1,1
Sistema Gestión Pre-Sustentaciones UTEQ,ec.edu.uteq.presustentaciones.controllers,ReporteController,1131,16,66,0,140,2,59,2,26,2
Sistema Gestión Pre-Sustentaciones UTEQ,ec.edu.uteq.presustentaciones.controllers,DocenteController,36,6,0,0,9,3,5,1,5,1
Sistema Gestión Pre-Sustentaciones UTEQ,ec.edu.uteq.presustentaciones.controllers,SalaController,22,6,0,0,5,1,4,1,4,1
Sistema Gestión Pre-Sustentaciones UTEQ,ec.edu.uteq.presustentaciones.security,RateLimiterService,8,36,1,3,2,9,1,3,0,2
Sistema Gestión Pre-Sustentaciones UTEQ,ec.edu.uteq.presustentaciones.security,RateLimitingFilter,31,46,5,5,7,11,4,4,0,3
Sistema Gestión Pre-Sustentaciones UTEQ,ec.edu.uteq.presustentaciones.services,EvaluacionServiceImpl,280,353,25,27,42,69,34,14,14,8
Sistema Gestión Pre-Sustentaciones UTEQ,ec.edu.uteq.presustentaciones.services,JuradoServiceImpl,572,535,40,20,96,108,63,18,35,14
Sistema Gestión Pre-Sustentaciones UTEQ,ec.edu.uteq.presustentaciones.services,ExternalApiServiceImpl,79,100,1,1,15,32,5,6,4,6
Sistema Gestión Pre-Sustentaciones UTEQ,ec.edu.uteq.presustentaciones.services,AnteproyectoServiceImpl,138,287,14,14,27,69,17,11,6,8
Sistema Gestión Pre-Sustentaciones UTEQ,ec.edu.uteq.presustentaciones.services,PermisoService,0,30,1,7,0,7,1,5,0,2
Sistema Gestión Pre-Sustentaciones UTEQ,ec.edu.uteq.presustentaciones.services,SolicitudServiceImpl,442,657,32,28,72,134,50,21,26,15
Sistema Gestión Pre-Sustentaciones UTEQ,ec.edu.uteq.presustentaciones.services,AuditoriaService,60,10,8,0,15,2,7,2,3,2
Sistema Gestión Pre-Sustentaciones UTEQ,ec.edu.uteq.presustentaciones.services,EmailService,86,7,4,0,19,2,5,2,3,2
Sistema Gestión Pre-Sustentaciones UTEQ,ec.edu.uteq.presustentaciones.services,TutoriaServiceImpl,426,706,41,35,75,177,56,16,22,12
Sistema Gestión Pre-Sustentaciones UTEQ,ec.edu.uteq.presustentaciones.services,CatalogoAdminService,44,18,0,0,16,1,4,1,4,1
Sistema Gestión Pre-Sustentaciones UTEQ,ec.edu.uteq.presustentaciones.services,TutorServiceImpl,344,22,12,0,73,2,17,2,11,2
Sistema Gestión Pre-Sustentaciones UTEQ,ec.edu.uteq.presustentaciones.services,ActaServiceImpl,555,1206,46,48,66,188,37,28,5,13
Sistema Gestión Pre-Sustentaciones UTEQ,ec.edu.uteq.presustentaciones.services,CronogramaServiceImpl,309,227,22,14,53,49,27,11,15,5
Sistema Gestión Pre-Sustentaciones UTEQ,ec.edu.uteq.presustentaciones.services,NotificacionServiceImpl,12,158,3,11,3,36,5,12,2,8
Sistema Gestión Pre-Sustentaciones UTEQ,ec.edu.uteq.presustentaciones.services,EvaluacionJuradoService,0,230,3,17,0,55,3,15,0,8
Sistema Gestión Pre-Sustentaciones UTEQ,ec.edu.uteq.presustentaciones.services,EstudianteService,520,27,56,0,101,1,46,1,18,1
Sistema Gestión Pre-Sustentaciones UTEQ,ec.edu.uteq.presustentaciones.services,RubricaEvaluacionServiceImpl,857,76,69,3,191,9,54,5,19,4
Sistema Gestión Pre-Sustentaciones UTEQ,ec.edu.uteq.presustentaciones.services,UsuarioServiceImpl,108,181,7,5,17,38,15,11,10,10
Sistema Gestión Pre-Sustentaciones UTEQ,ec.edu.uteq.presustentaciones.security.jwt,JwtAuthenticationFilter,35,79,9,7,5,18,6,6,0,4
Sistema Gestión Pre-Sustentaciones UTEQ,ec.edu.uteq.presustentaciones.security.jwt,JwtTokenProvider,96,198,14,10,30,57,12,14,2,12
