GROUP,PACKAGE,CLASS,INSTRUCTION_MISSED,INSTRUCTION_COVERED,BRANCH_MISSED,BRANCH_COVERED,LINE_MISSED,LINE_COVERED,COMPLEXITY_MISSED,COMPLEXITY_COVERED,METHOD_MISSED,METHOD_COVERED
Sistema Gestión Pre-Sustentaciones UTEQ,ec.edu.uteq.presustentaciones.security.dto,LoginResponse,294,49,62,0,2,9,43,9,12,9
Sistema Gestión Pre-Sustentaciones UTEQ,ec.edu.uteq.presustentaciones.security.dto,RegisterRequest,197,38,46,0,0,6,27,11,4,11
Sistema Gestión Pre-Sustentaciones UTEQ,ec.edu.uteq.presustentaciones.security.dto,LoginResponse.LoginResponseBuilder,16,56,0,0,0,1,1,9,1,9
Sistema Gestión Pre-Sustentaciones UTEQ,ec.edu.uteq.presustentaciones.security.dto,LoginRequest,98,17,22,0,0,3,15,5,4,5
Sistema Gestión Pre-Sustentaciones UTEQ,ec.edu.uteq.presustentaciones.enums,EstadoSolicitud,75,0,8,0,12,0,7,0,3,0
Sistema Gestión Pre-Sustentaciones UTEQ,ec.edu.uteq.presustentaciones.security.service,SolicitudAccessService,1,147,9,23,0,24,9,11,0,4
Sistema Gestión Pre-Sustentaciones UTEQ,ec.edu.uteq.presustentaciones.security.service,CustomUserDetailsService,53,6,2,0,13,1,3,1,2,1
Sistema Gestión Pre-Sustentaciones UTEQ,ec.edu.uteq.presustentaciones.security.service,UsuarioActualService,62,9,6,0,12,1,8,1,5,1
Sistema Gestión Pre-Sustentaciones UTEQ,ec.edu.uteq.presustentaciones.controllers,JuradoController,263,6,14,0,50,3,25,1,18,1
Sistema Gestión Pre-Sustentaciones UTEQ,ec.edu.uteq.presustentaciones.controllers,TutorController,74,9,0,0,17,4,7,1,7,1
Sistema Gestión Pre-Sustentaciones UTEQ,ec.edu.uteq.presustentaciones.controllers,NotificacionController,108,6,0,0,23,3,7,1,7,1
Sistema Gestión Pre-Sustentaciones UTEQ,ec.edu.uteq.presustentaciones.controllers,PermisoController,100,12,12,0,19,1,9,1,3,1
Sistema Gestión Pre-Sustentaciones UTEQ,ec.edu.uteq.presustentaciones.controllers,UsuarioController,281,67,8,0,63,14,19,4,15,4
Sistema Gestión Pre-Sustentaciones UTEQ,ec.edu.uteq.presustentaciones.controllers,AuditoriaController,82,6,0,0,5,1,2,1,2,1
Sistema Gestión Pre-Sustentaciones UTEQ,ec.edu.uteq.presustentaciones.controllers,RubricaController,158,9,2,0,36,1,10,1,9,1
Sistema Gestión Pre-Sustentaciones UTEQ,ec.edu.uteq.presustentaciones.controllers,TemaController,13,137,3,3,3,23,4,14,1,14
Sistema Gestión Pre-Sustentaciones UTEQ,ec.edu.uteq.presustentaciones.controllers,AnteproyectoController,136,6,8,0,28,3,11,1,7,1
Sistema Gestión Pre-Sustentaciones UTEQ,ec.edu.uteq.presustentaciones.controllers,EvaluacionController,73,6,0,0,15,3,7,1,7,1
Sistema Gestión Pre-Sustentaciones UTEQ,ec.edu.uteq.presustentaciones.controllers,CronogramaController,100,6,2,0,16,1,10,1,9,1
Sistema Gestión Pre-Sustentaciones UTEQ,ec.edu.uteq.presustentaciones.controllers,EstadoTiempoRealController,245,18,12,0,39,1,15,1,9,1
Sistema Gestión Pre-Sustentaciones UTEQ,ec.edu.uteq.presustentaciones.controllers,EstudianteController,51,6,0,0,11,1,5,1,5,1
Sistema Gestión Pre-Sustentaciones UTEQ,ec.edu.uteq.presustentaciones.controllers,RolController,218,22,16,0,45,2,13,2,5,2
Sistema Gestión Pre-Sustentaciones UTEQ,ec.edu.uteq.presustentaciones.controllers,EvaluacionJuradoController,11,77,0,4,4,17,0,6,0,4
Sistema Gestión Pre-Sustentaciones UTEQ,ec.edu.uteq.presustentaciones.controllers,ProgresoTitulacionController,0,29,0,0,0,4,0,3,0,3
Sistema Gestión Pre-Sustentaciones UTEQ,ec.edu.uteq.presustentaciones.controllers,SolicitudController,380,13,8,0,76,5,26,2,22,2
Sistema Gestión Pre-Sustentaciones UTEQ,ec.edu.uteq.presustentaciones.controllers,TutoriaController,359,9,20,0,79,4,24,1,14,1
Sistema Gestión Pre-Sustentaciones UTEQ,ec.edu.uteq.presustentaciones.controllers,ExternalApiController,10,10,0,0,3,2,1,2,1,2
Sistema Gestión Pre-Sustentaciones UTEQ,ec.edu.uteq.presustentaciones.controllers,ChatbotController,8,6,0,0,1,1,1,1,1,1
Sistema Gestión Pre-Sustentaciones UTEQ,ec.edu.uteq.presustentaciones.controllers,ActaController,201,15,0,0,45,5,12,2,12,2
Sistema Gestión Pre-Sustentaciones UTEQ,ec.edu.uteq.presustentaciones.controllers,CatalogoController,694,30,102,0,135,1,71,1,20,1
Sistema Gestión Pre-Sustentaciones UTEQ,ec.edu.uteq.presustentaciones.controllers,GlobalExceptionHandler,37,53,0,2,14,17,4,6,4,5
Sistema Gestión Pre-Sustentaciones UTEQ,ec.edu.uteq.presustentaciones.controllers,RubricaEvaluacionController,81,9,2,0,23,1,7,1,6,1
Sistema Gestión Pre-Sustentaciones UTEQ,ec.edu.uteq.presustentaciones.controllers,AuthController,29,392,16,20,5,88,16,10,1,7
Sistema Gestión Pre-Sustentaciones UTEQ,ec.edu.uteq.presustentaciones.controllers,ObservacionesController,16,6,0,0,4,1,1,1,1,1
Sistema Gestión Pre-Sustentaciones UTEQ,ec.edu.uteq.presustentaciones.controllers,ReporteController,1171,19,66,0,146,2,65,2,32,2
Sistema Gestión Pre-Sustentaciones UTEQ,ec.edu.uteq.presustentaciones.controllers,DocenteController,10,79,0,8,2,21,2,10,2,6
Sistema Gestión Pre-Sustentaciones UTEQ,ec.edu.uteq.presustentaciones.controllers,SalaController,22,6,0,0,5,1,4,1,4,1
Sistema Gestión Pre-Sustentaciones UTEQ,ec.edu.uteq.presustentaciones.controllers,RecursoTitulacionController,0,65,0,4,0,14,0,8,0,6
Sistema Gestión Pre-Sustentaciones UTEQ,ec.edu.uteq.presustentaciones.security,RateLimiterService,8,36,1,3,2,9,1,3,0,2
Sistema Gestión Pre-Sustentaciones UTEQ,ec.edu.uteq.presustentaciones.security,RateLimitingFilter,31,46,5,5,7,11,4,4,0,3
Sistema Gestión Pre-Sustentaciones UTEQ,ec.edu.uteq.presustentaciones.services,EvaluacionServiceImpl,295,443,31,39,44,86,39,23,13,14
Sistema Gestión Pre-Sustentaciones UTEQ,ec.edu.uteq.presustentaciones.services,JuradoServiceImpl,572,535,40,20,96,108,63,18,35,14
Sistema Gestión Pre-Sustentaciones UTEQ,ec.edu.uteq.presustentaciones.services,ExternalApiServiceImpl,79,100,1,1,15,32,5,6,4,6
Sistema Gestión Pre-Sustentaciones UTEQ,ec.edu.uteq.presustentaciones.services,AnteproyectoServiceImpl,168,348,19,23,30,83,22,16,6,11
Sistema Gestión Pre-Sustentaciones UTEQ,ec.edu.uteq.presustentaciones.services,ReporteServiceImpl,137,499,15,23,14,75,17,25,5,18
Sistema Gestión Pre-Sustentaciones UTEQ,ec.edu.uteq.presustentaciones.services,PermisoService,45,33,13,7,8,7,9,5,2,2
Sistema Gestión Pre-Sustentaciones UTEQ,ec.edu.uteq.presustentaciones.services,SolicitudServiceImpl,708,670,71,31,127,136,74,21,29,15
Sistema Gestión Pre-Sustentaciones UTEQ,ec.edu.uteq.presustentaciones.services,AuditoriaService,60,10,8,0,15,2,7,2,3,2
Sistema Gestión Pre-Sustentaciones UTEQ,ec.edu.uteq.presustentaciones.services,ChatbotService,164,3,42,0,25,1,23,1,2,1
Sistema Gestión Pre-Sustentaciones UTEQ,ec.edu.uteq.presustentaciones.services,EmailService,86,7,4,0,19,2,5,2,3,2
Sistema Gestión Pre-Sustentaciones UTEQ,ec.edu.uteq.presustentaciones.services,ProgresoTitulacionServiceImpl,17,256,5,9,5,55,5,14,0,12
Sistema Gestión Pre-Sustentaciones UTEQ,ec.edu.uteq.presustentaciones.services,TutoriaServiceImpl,484,769,52,44,84,189,69,17,25,13
Sistema Gestión Pre-Sustentaciones UTEQ,ec.edu.uteq.presustentaciones.services,CatalogoAdminService,44,18,0,0,16,1,4,1,4,1
Sistema Gestión Pre-Sustentaciones UTEQ,ec.edu.uteq.presustentaciones.services,TutorServiceImpl,344,22,12,0,73,2,17,2,11,2
Sistema Gestión Pre-Sustentaciones UTEQ,ec.edu.uteq.presustentaciones.services,TemaServiceImpl,61,422,9,37,3,88,12,34,4,19
Sistema Gestión Pre-Sustentaciones UTEQ,ec.edu.uteq.presustentaciones.services,ActaServiceImpl,480,2034,101,99,52,344,94,46,15,25
Sistema Gestión Pre-Sustentaciones UTEQ,ec.edu.uteq.presustentaciones.services,CronogramaServiceImpl,309,227,23,13,53,49,28,10,15,5
Sistema Gestión Pre-Sustentaciones UTEQ,ec.edu.uteq.presustentaciones.services,RecursoTitulacionServiceImpl,35,129,0,10,5,30,0,14,0,9
Sistema Gestión Pre-Sustentaciones UTEQ,ec.edu.uteq.presustentaciones.services,NotificacionServiceImpl,30,229,5,17,5,54,9,17,4,11
Sistema Gestión Pre-Sustentaciones UTEQ,ec.edu.uteq.presustentaciones.services,EvaluacionJuradoService,17,319,6,24,1,71,8,19,2,10
Sistema Gestión Pre-Sustentaciones UTEQ,ec.edu.uteq.presustentaciones.services,EstudianteService,520,27,56,0,101,1,46,1,18,1
Sistema Gestión Pre-Sustentaciones UTEQ,ec.edu.uteq.presustentaciones.services,RubricaEvaluacionServiceImpl,890,170,74,8,194,25,59,9,19,8
Sistema Gestión Pre-Sustentaciones UTEQ,ec.edu.uteq.presustentaciones.services,UsuarioServiceImpl,113,190,9,7,18,40,17,11,10,10
Sistema Gestión Pre-Sustentaciones UTEQ,ec.edu.uteq.presustentaciones.services,ProgresoTitulacionServiceImpl.new TypeReference() {...},0,6,0,0,0,1,0,1,0,1
Sistema Gestión Pre-Sustentaciones UTEQ,ec.edu.uteq.presustentaciones.security.jwt,JwtAuthenticationFilter,51,109,2,14,15,23,3,10,1,4
Sistema Gestión Pre-Sustentaciones UTEQ,ec.edu.uteq.presustentaciones.security.jwt,JwtTokenProvider,179,190,22,8,41,51,18,14,5,12
